<?xml version="1.0" encoding="UTF-8"?>
<testng-results ignored="0" total="1" passed="1" failed="0" skipped="0">
  <reporter-output>
  </reporter-output>
  <suite started-at="2024-10-05T17:05:31Z" name="Default suite" finished-at="2024-10-05T17:05:43Z" duration-ms="11960">
    <groups>
    </groups>
    <test started-at="2024-10-05T17:05:31Z" name="Default test" finished-at="2024-10-05T17:05:43Z" duration-ms="11960">
      <class name="pruebaTestNG.Selenium_Test">
        <test-method signature="f()[pri:0, instance:pruebaTestNG.Selenium_Test@50378a4]" started-at="2024-10-05T11:05:32Z" name="f" finished-at="2024-10-05T11:05:43Z" duration-ms="11867" status="PASS">
          <reporter-output>
          </reporter-output>
        </test-method> <!-- f -->
      </class> <!-- pruebaTestNG.Selenium_Test -->
    </test> <!-- Default test -->
  </suite> <!-- Default suite -->
</testng-results>
